<?xml version="1.0" encoding="UTF-8" ?>
<testsuite errors="0" failures="0" hostname="Mike-PC" name="uk.co.sainsburys.utils.ProductCalculationsUtilsTest" skipped="0" tests="1" time="3.308" timestamp="2016-05-26T11:26:09">
  <properties>
[...]
</properties>
  <testcase classname="uk.co.sainsburys.utils.ProductCalculationsUtilsTest" name="test" time="3.301" />
  <system-out><![CDATA[Parsing available Sainsbury's products URLS...
Sainsbury's available Products URLs parsed successfully...
Processing Product: Sainsbury's Apricot Ripe & Ready x5
Processing Product: Sainsbury's Avocado Ripe & Ready XL Loose 300g
Processing Product: Sainsbury's Avocado, Ripe & Ready x2
Processing Product: Sainsbury's Avocados, Ripe & Ready x4
Processing Product: Sainsbury's Conference Pears, Ripe & Ready x4 (minimum)
Processing Product: Sainsbury's Golden Kiwi x4
Processing Product: Sainsbury's Kiwi Fruit, Ripe & Ready x4
Calculating the products unit price sum...
Products unit price sum calculated...
]]></system-out>
  <system-err><![CDATA[]]></system-err>
</testsuite>
