<?xml version="1.0" encoding="UTF-8" ?>
<testsuite errors="0" failures="0" hostname="Mike-PC" name="uk.co.sainsburys.parser.ProductParserTest" skipped="0" tests="8" time="8.704" timestamp="2016-05-26T11:26:00">
  <properties>
[...]
</properties>
  <testcase classname="uk.co.sainsburys.parser.ProductParserTest" name="testParseAllProductsDetails" time="5.534" />
  <testcase classname="uk.co.sainsburys.parser.ProductParserTest" name="testParseProductsURLsWrongURL" time="1.387" />
  <testcase classname="uk.co.sainsburys.parser.ProductParserTest" name="testParseProductDetails" time="0.334" />
  <testcase classname="uk.co.sainsburys.parser.ProductParserTest" name="testParseAllProductsDetailsWithNull" time="0.498" />
  <testcase classname="uk.co.sainsburys.parser.ProductParserTest" name="testParseProductsURLs" time="0.484" />
  <testcase classname="uk.co.sainsburys.parser.ProductParserTest" name="testParseProductDetailsWithNNonUrlString" time="0.0" />
  <testcase classname="uk.co.sainsburys.parser.ProductParserTest" name="testParseProductDetailsNullURL" time="0.0" />
  <testcase classname="uk.co.sainsburys.parser.ProductParserTest" name="testParseProductDetailsWrongURL" time="0.402" />
  <system-out><![CDATA[Parsing available Sainsbury's products URLS...
Sainsbury's available Products URLs parsed successfully...
Processing Product: Sainsbury's Apricot Ripe & Ready x5
Processing Product: Sainsbury's Avocado Ripe & Ready XL Loose 300g
Processing Product: Sainsbury's Avocado, Ripe & Ready x2
Processing Product: Sainsbury's Avocados, Ripe & Ready x4
Processing Product: Sainsbury's Conference Pears, Ripe & Ready x4 (minimum)
Processing Product: Sainsbury's Golden Kiwi x4
Processing Product: Sainsbury's Kiwi Fruit, Ripe & Ready x4
Parsing available Sainsbury's products URLS...
Sainsbury's available Products URLs parsed successfully...
Processing Product: Sainsbury's Apricot Ripe & Ready x5
Processing Product: Sainsbury's Apricot Ripe & Ready x5
Parsing available Sainsbury's products URLS...
Sainsbury's available Products URLs parsed successfully...
]]></system-out>
  <system-err><![CDATA[java.lang.IllegalArgumentException: Malformed URL: null
	at org.jsoup.helper.HttpConnection.url(HttpConnection.java:76)
	at org.jsoup.helper.HttpConnection.connect(HttpConnection.java:36)
	at org.jsoup.Jsoup.connect(Jsoup.java:73)
	at uk.co.sainsburys.parser.ProductParser.parseProductDetails(Unknown Source)
	at uk.co.sainsburys.parser.ProductParser.parseAllProductsDetails(Unknown Source)
	at uk.co.sainsburys.parser.ProductParserTest.testParseAllProductsDetailsWithNull(Unknown Source)
	at sun.reflect.NativeMethodAccessorImpl.invoke0(Native Method)
	at sun.reflect.NativeMethodAccessorImpl.invoke(NativeMethodAccessorImpl.java:57)
	at sun.reflect.DelegatingMethodAccessorImpl.invoke(DelegatingMethodAccessorImpl.java:43)
	at java.lang.reflect.Method.invoke(Method.java:606)
	at org.junit.runners.model.FrameworkMethod$1.runReflectiveCall(FrameworkMethod.java:50)
	at org.junit.internal.runners.model.ReflectiveCallable.run(ReflectiveCallable.java:12)
	at org.junit.runners.model.FrameworkMethod.invokeExplosively(FrameworkMethod.java:47)
	at org.junit.internal.runners.statements.InvokeMethod.evaluate(InvokeMethod.java:17)
	at org.junit.runners.ParentRunner.runLeaf(ParentRunner.java:325)
	at org.junit.runners.BlockJUnit4ClassRunner.runChild(BlockJUnit4ClassRunner.java:78)
	at org.junit.runners.BlockJUnit4ClassRunner.runChild(BlockJUnit4ClassRunner.java:57)
	at org.junit.runners.ParentRunner$3.run(ParentRunner.java:290)
	at org.junit.runners.ParentRunner$1.schedule(ParentRunner.java:71)
	at org.junit.runners.ParentRunner.runChildren(ParentRunner.java:288)
	at org.junit.runners.ParentRunner.access$000(ParentRunner.java:58)
	at org.junit.runners.ParentRunner$2.evaluate(ParentRunner.java:268)
	at org.junit.runners.ParentRunner.run(ParentRunner.java:363)
	at junit.framework.JUnit4TestAdapter.run(JUnit4TestAdapter.java:38)
	at org.apache.tools.ant.taskdefs.optional.junit.JUnitTestRunner.run(JUnitTestRunner.java:532)
	at org.apache.tools.ant.taskdefs.optional.junit.JUnitTask.executeInVM(JUnitTask.java:1614)
	at org.apache.tools.ant.taskdefs.optional.junit.JUnitTask.execute(JUnitTask.java:1019)
	at org.apache.tools.ant.taskdefs.optional.junit.JUnitTask.executeOrQueue(JUnitTask.java:2095)
	at org.apache.tools.ant.taskdefs.optional.junit.JUnitTask.execute(JUnitTask.java:828)
	at org.apache.tools.ant.UnknownElement.execute(UnknownElement.java:292)
	at sun.reflect.GeneratedMethodAccessor4.invoke(Unknown Source)
	at sun.reflect.DelegatingMethodAccessorImpl.invoke(DelegatingMethodAccessorImpl.java:43)
	at java.lang.reflect.Method.invoke(Method.java:606)
	at org.apache.tools.ant.dispatch.DispatchUtils.execute(DispatchUtils.java:106)
	at org.apache.tools.ant.Task.perform(Task.java:348)
	at org.apache.tools.ant.Target.execute(Target.java:435)
	at org.apache.tools.ant.Target.performTasks(Target.java:456)
	at org.apache.tools.ant.Project.executeSortedTargets(Project.java:1393)
	at org.apache.tools.ant.Project.executeTarget(Project.java:1364)
	at org.apache.tools.ant.helper.DefaultExecutor.executeTargets(DefaultExecutor.java:41)
	at org.eclipse.ant.internal.launching.remote.EclipseDefaultExecutor.executeTargets(EclipseDefaultExecutor.java:36)
	at org.apache.tools.ant.Project.executeTargets(Project.java:1248)
	at org.eclipse.ant.internal.launching.remote.InternalAntRunner.run(InternalAntRunner.java:453)
	at org.eclipse.ant.internal.launching.remote.InternalAntRunner.main(InternalAntRunner.java:140)
Caused by: java.net.MalformedURLException: no protocol: null
	at java.net.URL.<init>(URL.java:585)
	at java.net.URL.<init>(URL.java:482)
	at java.net.URL.<init>(URL.java:431)
	at org.jsoup.helper.HttpConnection.url(HttpConnection.java:74)
	... 43 more
java.lang.IllegalArgumentException: Malformed URL: any_string
	at org.jsoup.helper.HttpConnection.url(HttpConnection.java:76)
	at org.jsoup.helper.HttpConnection.connect(HttpConnection.java:36)
	at org.jsoup.Jsoup.connect(Jsoup.java:73)
	at uk.co.sainsburys.parser.ProductParser.parseProductDetails(Unknown Source)
	at uk.co.sainsburys.parser.ProductParser.parseAllProductsDetails(Unknown Source)
	at uk.co.sainsburys.parser.ProductParserTest.testParseAllProductsDetailsWithNull(Unknown Source)
	at sun.reflect.NativeMethodAccessorImpl.invoke0(Native Method)
	at sun.reflect.NativeMethodAccessorImpl.invoke(NativeMethodAccessorImpl.java:57)
	at sun.reflect.DelegatingMethodAccessorImpl.invoke(DelegatingMethodAccessorImpl.java:43)
	at java.lang.reflect.Method.invoke(Method.java:606)
	at org.junit.runners.model.FrameworkMethod$1.runReflectiveCall(FrameworkMethod.java:50)
	at org.junit.internal.runners.model.ReflectiveCallable.run(ReflectiveCallable.java:12)
	at org.junit.runners.model.FrameworkMethod.invokeExplosively(FrameworkMethod.java:47)
	at org.junit.internal.runners.statements.InvokeMethod.evaluate(InvokeMethod.java:17)
	at org.junit.runners.ParentRunner.runLeaf(ParentRunner.java:325)
	at org.junit.runners.BlockJUnit4ClassRunner.runChild(BlockJUnit4ClassRunner.java:78)
	at org.junit.runners.BlockJUnit4ClassRunner.runChild(BlockJUnit4ClassRunner.java:57)
	at org.junit.runners.ParentRunner$3.run(ParentRunner.java:290)
	at org.junit.runners.ParentRunner$1.schedule(ParentRunner.java:71)
	at org.junit.runners.ParentRunner.runChildren(ParentRunner.java:288)
	at org.junit.runners.ParentRunner.access$000(ParentRunner.java:58)
	at org.junit.runners.ParentRunner$2.evaluate(ParentRunner.java:268)
	at org.junit.runners.ParentRunner.run(ParentRunner.java:363)
	at junit.framework.JUnit4TestAdapter.run(JUnit4TestAdapter.java:38)
	at org.apache.tools.ant.taskdefs.optional.junit.JUnitTestRunner.run(JUnitTestRunner.java:532)
	at org.apache.tools.ant.taskdefs.optional.junit.JUnitTask.executeInVM(JUnitTask.java:1614)
	at org.apache.tools.ant.taskdefs.optional.junit.JUnitTask.execute(JUnitTask.java:1019)
	at org.apache.tools.ant.taskdefs.optional.junit.JUnitTask.executeOrQueue(JUnitTask.java:2095)
	at org.apache.tools.ant.taskdefs.optional.junit.JUnitTask.execute(JUnitTask.java:828)
	at org.apache.tools.ant.UnknownElement.execute(UnknownElement.java:292)
	at sun.reflect.GeneratedMethodAccessor4.invoke(Unknown Source)
	at sun.reflect.DelegatingMethodAccessorImpl.invoke(DelegatingMethodAccessorImpl.java:43)
	at java.lang.reflect.Method.invoke(Method.java:606)
	at org.apache.tools.ant.dispatch.DispatchUtils.execute(DispatchUtils.java:106)
	at org.apache.tools.ant.Task.perform(Task.java:348)
	at org.apache.tools.ant.Target.execute(Target.java:435)
	at org.apache.tools.ant.Target.performTasks(Target.java:456)
	at org.apache.tools.ant.Project.executeSortedTargets(Project.java:1393)
	at org.apache.tools.ant.Project.executeTarget(Project.java:1364)
	at org.apache.tools.ant.helper.DefaultExecutor.executeTargets(DefaultExecutor.java:41)
	at org.eclipse.ant.internal.launching.remote.EclipseDefaultExecutor.executeTargets(EclipseDefaultExecutor.java:36)
	at org.apache.tools.ant.Project.executeTargets(Project.java:1248)
	at org.eclipse.ant.internal.launching.remote.InternalAntRunner.run(InternalAntRunner.java:453)
	at org.eclipse.ant.internal.launching.remote.InternalAntRunner.main(InternalAntRunner.java:140)
Caused by: java.net.MalformedURLException: no protocol: any_string
	at java.net.URL.<init>(URL.java:585)
	at java.net.URL.<init>(URL.java:482)
	at java.net.URL.<init>(URL.java:431)
	at org.jsoup.helper.HttpConnection.url(HttpConnection.java:74)
	... 43 more
]]></system-err>
</testsuite>
